<?xml version="1.0" encoding="UTF-8"?>
<!-- Generated by org.testng.reporters.JUnitXMLReporter -->
<testsuite hostname="VinayDabhi-PC" ignored="0" name="Default test" tests="3" failures="0" timestamp="2020-11-09T21:50:16 GMT" time="60.293" errors="0">
  <testcase name="alaptop" time="7.457" classname="uitesting.Popularlinkstest"/>
  <testcase name="speaker" time="6.504" classname="uitesting.Popularlinkstest"/>
  <testcase name="tablet" time="6.36" classname="uitesting.Popularlinkstest"/>
</testsuite> <!-- Default test -->
