<?xml version="1.0" encoding="UTF-8"?>
<!-- Generated by org.testng.reporters.JUnitXMLReporter -->
<testsuite hostname="VinayDabhi-PC" ignored="0" name="Advshop" tests="3" failures="0" timestamp="2020-11-09T22:14:35 GMT" time="61.499" errors="0">
  <testcase name="alaptop" time="7.719" classname="uitesting.Popularlinkstest"/>
  <testcase name="speaker" time="6.472" classname="uitesting.Popularlinkstest"/>
  <testcase name="tablet" time="6.425" classname="uitesting.Popularlinkstest"/>
</testsuite> <!-- Advshop -->
