<?xml version="1.0" encoding="UTF-8"?>
<testng-results skipped="0" failed="0" ignored="0" total="3" passed="3">
  <reporter-output>
  </reporter-output>
  <suite name="Suite1" duration-ms="61499" started-at="2020-11-09T22:13:34 GMT" finished-at="2020-11-09T22:14:35 GMT">
    <groups>
    </groups>
    <test name="Advshop" duration-ms="61499" started-at="2020-11-09T22:13:34 GMT" finished-at="2020-11-09T22:14:35 GMT">
      <class name="uitesting.Popularlinkstest">
        <test-method status="PASS" signature="esetup()[pri:0, instance:uitesting.Popularlinkstest@6a4f787b]" name="esetup" is-config="true" duration-ms="395" started-at="2020-11-09T22:13:34 GMT" finished-at="2020-11-09T22:13:34 GMT">
          <reporter-output>
          </reporter-output>
        </test-method> <!-- esetup -->
        <test-method status="PASS" signature="invokebrowser()[pri:0, instance:uitesting.Popularlinkstest@6a4f787b]" name="invokebrowser" is-config="true" duration-ms="11972" started-at="2020-11-09T22:13:34 GMT" finished-at="2020-11-09T22:13:46 GMT">
          <reporter-output>
          </reporter-output>
        </test-method> <!-- invokebrowser -->
        <test-method status="PASS" signature="alaptop()[pri:0, instance:uitesting.Popularlinkstest@6a4f787b]" name="alaptop" duration-ms="7719" started-at="2020-11-09T22:13:46 GMT" finished-at="2020-11-09T22:13:54 GMT">
          <reporter-output>
          </reporter-output>
        </test-method> <!-- alaptop -->
        <test-method status="PASS" signature="closeb()[pri:0, instance:uitesting.Popularlinkstest@6a4f787b]" name="closeb" is-config="true" duration-ms="3094" started-at="2020-11-09T22:13:54 GMT" finished-at="2020-11-09T22:13:57 GMT">
          <reporter-output>
          </reporter-output>
        </test-method> <!-- closeb -->
        <test-method status="PASS" signature="invokebrowser()[pri:0, instance:uitesting.Popularlinkstest@6a4f787b]" name="invokebrowser" is-config="true" duration-ms="9041" started-at="2020-11-09T22:13:57 GMT" finished-at="2020-11-09T22:14:06 GMT">
          <reporter-output>
          </reporter-output>
        </test-method> <!-- invokebrowser -->
        <test-method status="PASS" signature="speaker()[pri:0, instance:uitesting.Popularlinkstest@6a4f787b]" name="speaker" duration-ms="6472" started-at="2020-11-09T22:14:06 GMT" finished-at="2020-11-09T22:14:12 GMT">
          <reporter-output>
          </reporter-output>
        </test-method> <!-- speaker -->
        <test-method status="PASS" signature="closeb()[pri:0, instance:uitesting.Popularlinkstest@6a4f787b]" name="closeb" is-config="true" duration-ms="3548" started-at="2020-11-09T22:14:12 GMT" finished-at="2020-11-09T22:14:16 GMT">
          <reporter-output>
          </reporter-output>
        </test-method> <!-- closeb -->
        <test-method status="PASS" signature="invokebrowser()[pri:0, instance:uitesting.Popularlinkstest@6a4f787b]" name="invokebrowser" is-config="true" duration-ms="9394" started-at="2020-11-09T22:14:16 GMT" finished-at="2020-11-09T22:14:25 GMT">
          <reporter-output>
          </reporter-output>
        </test-method> <!-- invokebrowser -->
        <test-method status="PASS" signature="tablet()[pri:0, instance:uitesting.Popularlinkstest@6a4f787b]" name="tablet" duration-ms="6425" started-at="2020-11-09T22:14:25 GMT" finished-at="2020-11-09T22:14:32 GMT">
          <reporter-output>
          </reporter-output>
        </test-method> <!-- tablet -->
        <test-method status="PASS" signature="closeb()[pri:0, instance:uitesting.Popularlinkstest@6a4f787b]" name="closeb" is-config="true" duration-ms="3399" started-at="2020-11-09T22:14:32 GMT" finished-at="2020-11-09T22:14:35 GMT">
          <reporter-output>
          </reporter-output>
        </test-method> <!-- closeb -->
      </class> <!-- uitesting.Popularlinkstest -->
    </test> <!-- Advshop -->
  </suite> <!-- Suite1 -->
</testng-results>
